  [4;36;1mSQL (43.6ms)[0m   [0;1m SELECT name
 FROM sqlite_master
 WHERE type = 'table' AND NOT name = 'sqlite_sequence'
[0m
  [4;35;1mSQL (0.2ms)[0m   [0mselect sqlite_version(*)[0m
  [4;36;1mSQL (26.2ms)[0m   [0;1mCREATE TABLE "schema_migrations" ("version" varchar(255) NOT NULL) [0m
  [4;35;1mSQL (4.1ms)[0m   [0mCREATE UNIQUE INDEX "unique_schema_migrations" ON "schema_migrations" ("version")[0m
  [4;36;1mSQL (0.3ms)[0m   [0;1m SELECT name
 FROM sqlite_master
 WHERE type = 'table' AND NOT name = 'sqlite_sequence'
[0m
  [4;35;1mSQL (0.1ms)[0m   [0mSELECT version FROM schema_migrations[0m
Migrating to CreateSources (20100525181814)
  [4;36;1mSQL (18.7ms)[0m   [0;1mCREATE TABLE "sources" ("id" INTEGER PRIMARY KEY AUTOINCREMENT NOT NULL, "my_id" varchar(20), "editor" varchar(255), "title" varchar(255), "publication" varchar(255), "pub_date" varchar(20), "isbn" varchar(13), "text_pages" integer(5), "trans_english" boolean DEFAULT 'f', "trans_french" boolean DEFAULT 'f', "trans_other" boolean DEFAULT 'f', "trans_none" boolean DEFAULT 'f', "date_begin" integer(4), "date_end" integer(4), "region" varchar(255), "archive" varchar(255), "link" varchar(255), "app_index" boolean DEFAULT 'f', "app_glossary" boolean DEFAULT 'f', "app_appendix" boolean DEFAULT 'f', "app_bibliography" boolean DEFAULT 'f', "app_facsimile" boolean DEFAULT 'f', "app_intro" boolean DEFAULT 'f', "comments" text, "intro_summary" text, "addenda" text, "live" boolean DEFAULT 'f', "user_id" integer, "trans_comment" varchar(255), "text_name" text, "cataloger" varchar(255), "created_at" datetime, "updated_at" datetime) [0m
  [4;35;1mSQL (4.1ms)[0m   [0mINSERT INTO schema_migrations (version) VALUES ('20100525181814')[0m
  [4;36;1mSQL (0.3ms)[0m   [0;1m SELECT name
 FROM sqlite_master
 WHERE type = 'table' AND NOT name = 'sqlite_sequence'
[0m
  [4;35;1mSQL (0.2ms)[0m   [0mSELECT version FROM schema_migrations[0m
  [4;36;1mSQL (0.2ms)[0m   [0;1m SELECT name
 FROM sqlite_master
 WHERE type = 'table' AND NOT name = 'sqlite_sequence'
[0m
  [4;35;1mSQL (0.1ms)[0m   [0mPRAGMA index_list("sources")[0m
